<?xml version="1.0" encoding="UTF-8"?>
<!-- Generated by org.testng.reporters.JUnitXMLReporter -->
<testsuite hostname="DESKTOP-89RE8V9" ignored="0" name="Default test" tests="3" failures="0" timestamp="28 Jan 2023 16:49:23 GMT" time="75.522" errors="0">
  <testcase name="InvalidLoginTestCase" time="5.139" classname="Testcases.LoginTestCases"/>
  <testcase name="LoginThenLogOutTestCase" time="14.04" classname="Testcases.LoginTestCases"/>
  <testcase name="ValidLoginTestCase" time="13.125" classname="Testcases.LoginTestCases"/>
</testsuite> <!-- Default test -->
