<?xml version="1.0" encoding="UTF-8"?>
<!-- Generated by org.testng.reporters.JUnitXMLReporter -->
<testsuite hostname="DESKTOP-89RE8V9" ignored="0" name="RegressionTest" tests="3" failures="0" timestamp="17 Mar 2023 20:45:03 GMT" time="86.052" errors="0">
  <testcase name="InvalidLoginTestCase" time="9.39" classname="Testcases.LoginTestCases"/>
  <testcase name="LoginThenLogOutTestCase" time="12.401" classname="Testcases.LoginTestCases"/>
  <testcase name="ValidLoginTestCase" time="17.82" classname="Testcases.LoginTestCases"/>
</testsuite> <!-- RegressionTest -->
