<?xml version="1.0" encoding="UTF-8"?>
<!-- Generated by org.testng.reporters.JUnitXMLReporter -->
<testsuite hostname="DESKTOP-89RE8V9" ignored="0" name="RegressionTest" tests="3" failures="0" timestamp="03 Mar 2023 04:11:42 GMT" time="55.519" errors="0">
  <testcase name="InvalidLoginTestCase" time="5.249" classname="Testcases.LoginTestCases"/>
  <testcase name="LoginThenLogOutTestCase" time="5.19" classname="Testcases.LoginTestCases"/>
  <testcase name="ValidLoginTestCase" time="25.184" classname="Testcases.LoginTestCases"/>
</testsuite> <!-- RegressionTest -->
